# JRE version: OpenJDK Runtime Environment (8.0_292-b10) (build 1.8.0_292-8u292-b10-0ubuntu1~20.04-b10)
# Java VM: OpenJDK 64-Bit Server VM (25.292-b10 mixed mode linux-amd64 compressed oops)
Heap:
 PSYoungGen      total 2592256K, used 802828K [0x0000000719100000, 0x00000007c0000000, 0x00000007c0000000)
  eden space 2498560K, 28% used [0x0000000719100000,0x00000007445d0ad8,0x00000007b1900000)
  from space 93696K, 99% used [0x00000007b1900000,0x00000007b7432690,0x00000007b7480000)
  to   space 125440K, 0% used [0x00000007b8580000,0x00000007b8580000,0x00000007c0000000)
 ParOldGen       total 441856K, used 242007K [0x00000005cb200000, 0x00000005e6180000, 0x0000000719100000)
  object space 441856K, 54% used [0x00000005cb200000,0x00000005d9e55cc8,0x00000005e6180000)
 Metaspace       used 83495K, capacity 92212K, committed 92416K, reserved 1128448K
  class space    used 11970K, capacity 14274K, committed 14336K, reserved 1048576K
GC Heap History (10 events):
Event: 16.582 GC heap before
{Heap before GC invocations=36 (full 3):
 PSYoungGen      total 2627072K, used 2592724K [0x0000000719100000, 0x00000007c0000000, 0x00000007c0000000)
  eden space 2524160K, 100% used [0x0000000719100000,0x00000007b3200000,0x00000007b3200000)
  from space 102912K, 66% used [0x00000007b9b80000,0x00000007bde75308,0x00000007c0000000)
  to   space 105472K, 0% used [0x00000007b3200000,0x00000007b3200000,0x00000007b9900000)
 ParOldGen       total 441856K, used 218695K [0x00000005cb200000, 0x00000005e6180000, 0x0000000719100000)
  object space 441856K, 49% used [0x00000005cb200000,0x00000005d8791c80,0x00000005e6180000)
 Metaspace       used 77498K, capacity 85684K, committed 85888K, reserved 1122304K
  class space    used 11143K, capacity 13330K, committed 13440K, reserved 1048576K
Event: 16.614 GC heap after
Heap after GC invocations=36 (full 3):
 PSYoungGen      total 2590208K, used 65947K [0x0000000719100000, 0x00000007c0000000, 0x00000007c0000000)
  eden space 2524160K, 0% used [0x0000000719100000,0x0000000719100000,0x00000007b3200000)
  from space 66048K, 99% used [0x00000007b3200000,0x00000007b7266cf0,0x00000007b7280000)
  to   space 106496K, 0% used [0x00000007b9800000,0x00000007b9800000,0x00000007c0000000)
 ParOldGen       total 441856K, used 222071K [0x00000005cb200000, 0x00000005e6180000, 0x0000000719100000)
  object space 441856K, 50% used [0x00000005cb200000,0x00000005d8addd40,0x00000005e6180000)
 Metaspace       used 77498K, capacity 85684K, committed 85888K, reserved 1122304K
  class space    used 11143K, capacity 13330K, committed 13440K, reserved 1048576K
}
Event: 17.119 GC heap before
{Heap before GC invocations=37 (full 3):
 PSYoungGen      total 2590208K, used 2590107K [0x0000000719100000, 0x00000007c0000000, 0x00000007c0000000)
  eden space 2524160K, 100% used [0x0000000719100000,0x00000007b3200000,0x00000007b3200000)
  from space 66048K, 99% used [0x00000007b3200000,0x00000007b7266cf0,0x00000007b7280000)
  to   space 106496K, 0% used [0x00000007b9800000,0x00000007b9800000,0x00000007c0000000)
 ParOldGen       total 441856K, used 222782K [0x00000005cb200000, 0x00000005e6180000, 0x0000000719100000)
  object space 441856K, 50% used [0x00000005cb200000,0x00000005d8b8faa0,0x00000005e6180000)
 Metaspace       used 77608K, capacity 85872K, committed 86144K, reserved 1122304K
  class space    used 11147K, capacity 13338K, committed 13440K, reserved 1048576K
Event: 17.145 GC heap after
Heap after GC invocations=37 (full 3):
 PSYoungGen      total 2629632K, used 62165K [0x0000000719100000, 0x00000007c0000000, 0x00000007c0000000)
  eden space 2523136K, 0% used [0x0000000719100000,0x0000000719100000,0x00000007b3100000)
  from space 106496K, 58% used [0x00000007b9800000,0x00000007bd4b57b0,0x00000007c0000000)
  to   space 105472K, 0% used [0x00000007b3100000,0x00000007b3100000,0x00000007b9800000)
 ParOldGen       total 441856K, used 227382K [0x00000005cb200000, 0x00000005e6180000, 0x0000000719100000)
  object space 441856K, 51% used [0x00000005cb200000,0x00000005d900dab0,0x00000005e6180000)
 Metaspace       used 77608K, capacity 85872K, committed 86144K, reserved 1122304K
  class space    used 11147K, capacity 13338K, committed 13440K, reserved 1048576K
}
Event: 17.702 GC heap before
{Heap before GC invocations=38 (full 3):
 PSYoungGen      total 2629632K, used 2585301K [0x0000000719100000, 0x00000007c0000000, 0x00000007c0000000)
  eden space 2523136K, 100% used [0x0000000719100000,0x00000007b3100000,0x00000007b3100000)
  from space 106496K, 58% used [0x00000007b9800000,0x00000007bd4b57b0,0x00000007c0000000)
  to   space 105472K, 0% used [0x00000007b3100000,0x00000007b3100000,0x00000007b9800000)
 ParOldGen       total 441856K, used 227662K [0x00000005cb200000, 0x00000005e6180000, 0x0000000719100000)
  object space 441856K, 51% used [0x00000005cb200000,0x00000005d90539f0,0x00000005e6180000)
 Metaspace       used 77630K, capacity 85944K, committed 86144K, reserved 1122304K
  class space    used 11148K, capacity 13338K, committed 13440K, reserved 1048576K
Event: 17.722 GC heap after
Heap after GC invocations=38 (full 3):
 PSYoungGen      total 2581504K, used 58198K [0x0000000719100000, 0x00000007bf900000, 0x00000007c0000000)
  eden space 2523136K, 0% used [0x0000000719100000,0x0000000719100000,0x00000007b3100000)
  from space 58368K, 99% used [0x00000007b3100000,0x00000007b69d5860,0x00000007b6a00000)
  to   space 102400K, 0% used [0x00000007b9500000,0x00000007b9500000,0x00000007bf900000)
 ParOldGen       total 441856K, used 232990K [0x00000005cb200000, 0x00000005e6180000, 0x0000000719100000)
  object space 441856K, 52% used [0x00000005cb200000,0x00000005d9587a90,0x00000005e6180000)
 Metaspace       used 77630K, capacity 85944K, committed 86144K, reserved 1122304K
  class space    used 11148K, capacity 13338K, committed 13440K, reserved 1048576K
}
Event: 826.615 GC heap before
{Heap before GC invocations=39 (full 3):
 PSYoungGen      total 2581504K, used 2581334K [0x0000000719100000, 0x00000007bf900000, 0x00000007c0000000)
  eden space 2523136K, 100% used [0x0000000719100000,0x00000007b3100000,0x00000007b3100000)
  from space 58368K, 99% used [0x00000007b3100000,0x00000007b69d5860,0x00000007b6a00000)
  to   space 102400K, 0% used [0x00000007b9500000,0x00000007b9500000,0x00000007bf900000)
 ParOldGen       total 441856K, used 232992K [0x00000005cb200000, 0x00000005e6180000, 0x0000000719100000)
  object space 441856K, 52% used [0x00000005cb200000,0x00000005d95883d0,0x00000005e6180000)
 Metaspace       used 83463K, capacity 92146K, committed 92416K, reserved 1128448K
  class space    used 11970K, capacity 14273K, committed 14336K, reserved 1048576K
Event: 826.730 GC heap after
Heap after GC invocations=39 (full 3):
 PSYoungGen      total 2600960K, used 102382K [0x0000000719100000, 0x00000007c0000000, 0x00000007c0000000)
  eden space 2498560K, 0% used [0x0000000719100000,0x0000000719100000,0x00000007b1900000)
  from space 102400K, 99% used [0x00000007b9500000,0x00000007bf8fb830,0x00000007bf900000)
  to   space 118272K, 0% used [0x00000007b1900000,0x00000007b1900000,0x00000007b8c80000)
 ParOldGen       total 441856K, used 239246K [0x00000005cb200000, 0x00000005e6180000, 0x0000000719100000)
  object space 441856K, 54% used [0x00000005cb200000,0x00000005d9ba3ae8,0x00000005e6180000)
 Metaspace       used 83463K, capacity 92146K, committed 92416K, reserved 1128448K
  class space    used 11970K, capacity 14273K, committed 14336K, reserved 1048576K
}
Event: 26715.396 GC heap before
{Heap before GC invocations=40 (full 3):
 PSYoungGen      total 2600960K, used 2600942K [0x0000000719100000, 0x00000007c0000000, 0x00000007c0000000)
  eden space 2498560K, 100% used [0x0000000719100000,0x00000007b1900000,0x00000007b1900000)
  from space 102400K, 99% used [0x00000007b9500000,0x00000007bf8fb830,0x00000007bf900000)
  to   space 118272K, 0% used [0x00000007b1900000,0x00000007b1900000,0x00000007b8c80000)
 ParOldGen       total 441856K, used 239254K [0x00000005cb200000, 0x00000005e6180000, 0x0000000719100000)
  object space 441856K, 54% used [0x00000005cb200000,0x00000005d9ba5a60,0x00000005e6180000)
 Metaspace       used 83487K, capacity 92146K, committed 92416K, reserved 1128448K
  class space    used 11970K, capacity 14273K, committed 14336K, reserved 1048576K
Event: 26715.537 GC heap after
Heap after GC invocations=40 (full 3):
 PSYoungGen      total 2592256K, used 93385K [0x0000000719100000, 0x00000007c0000000, 0x00000007c0000000)
  eden space 2498560K, 0% used [0x0000000719100000,0x0000000719100000,0x00000007b1900000)
  from space 93696K, 99% used [0x00000007b1900000,0x00000007b7432690,0x00000007b7480000)
  to   space 125440K, 0% used [0x00000007b8580000,0x00000007b8580000,0x00000007c0000000)
 ParOldGen       total 441856K, used 242007K [0x00000005cb200000, 0x00000005e6180000, 0x0000000719100000)
  object space 441856K, 54% used [0x00000005cb200000,0x00000005d9e55cc8,0x00000005e6180000)
 Metaspace       used 83487K, capacity 92146K, committed 92416K, reserved 1128448K
  class space    used 11970K, capacity 14273K, committed 14336K, reserved 1048576K
}

